{"C:\\Users\\jazadehd\\Documents\\Development\\bash-js\\src\\Commands\\Cat\\Cat.ts": {"path":"C:\\Users\\jazadehd\\Documents\\Development\\bash-js\\src\\Commands\\Cat\\Cat.ts","statementMap":{"0":{"start":{"line":2,"column":0},"end":{"line":2,"column":25}},"1":{"start":{"line":6,"column":24},"end":{"line":6,"column":40}},"2":{"start":{"line":13,"column":8},"end":{"line":23,"column":11}},"3":{"start":{"line":15,"column":12},"end":{"line":21,"column":15}},"4":{"start":{"line":17,"column":16},"end":{"line":17,"column":44}},"5":{"start":{"line":17,"column":25},"end":{"line":17,"column":44}},"6":{"start":{"line":19,"column":16},"end":{"line":19,"column":60}},"7":{"start":{"line":4,"column":0},"end":{"line":4,"column":21}}},"fnMap":{"0":{"name":"(anonymous_0)","decl":{"start":{"line":6,"column":4},"end":{"line":6,"column":24}},"loc":{"start":{"line":6,"column":40},"end":{"line":9,"column":5}}},"1":{"name":"(anonymous_1)","decl":{"start":{"line":11,"column":11},"end":{"line":11,"column":15}},"loc":{"start":{"line":11,"column":32},"end":{"line":25,"column":5}}},"2":{"name":"(anonymous_2)","decl":{"start":{"line":13,"column":27},"end":{"line":13,"column":28}},"loc":{"start":{"line":13,"column":47},"end":{"line":23,"column":9}}},"3":{"name":"(anonymous_3)","decl":{"start":{"line":15,"column":34},"end":{"line":15,"column":35}},"loc":{"start":{"line":15,"column":48},"end":{"line":21,"column":13}}}},"branchMap":{"0":{"loc":{"start":{"line":17,"column":16},"end":{"line":17,"column":44}},"type":"if","locations":[{"start":{"line":17,"column":16},"end":{"line":17,"column":44}},{"start":{"line":17,"column":16},"end":{"line":17,"column":44}}]}},"s":{"0":1,"1":1,"2":2,"3":2,"4":2,"5":1,"6":1,"7":1},"f":{"0":1,"1":2,"2":2,"3":2},"b":{"0":[1,1]}}
,"C:\\Users\\jazadehd\\Documents\\Development\\bash-js\\src\\Commands\\Echo\\Echo.ts": {"path":"C:\\Users\\jazadehd\\Documents\\Development\\bash-js\\src\\Commands\\Echo\\Echo.ts","statementMap":{"0":{"start":{"line":6,"column":24},"end":{"line":6,"column":40}},"1":{"start":{"line":13,"column":8},"end":{"line":13,"column":43}},"2":{"start":{"line":4,"column":0},"end":{"line":4,"column":21}}},"fnMap":{"0":{"name":"(anonymous_0)","decl":{"start":{"line":6,"column":4},"end":{"line":6,"column":24}},"loc":{"start":{"line":6,"column":40},"end":{"line":9,"column":5}}},"1":{"name":"(anonymous_1)","decl":{"start":{"line":11,"column":11},"end":{"line":11,"column":15}},"loc":{"start":{"line":11,"column":32},"end":{"line":15,"column":5}}}},"branchMap":{},"s":{"0":1,"1":1,"2":1},"f":{"0":1,"1":1},"b":{}}
,"C:\\Users\\jazadehd\\Documents\\Development\\bash-js\\src\\Commands\\Head\\Head.ts": {"path":"C:\\Users\\jazadehd\\Documents\\Development\\bash-js\\src\\Commands\\Head\\Head.ts","statementMap":{"0":{"start":{"line":2,"column":0},"end":{"line":2,"column":25}},"1":{"start":{"line":6,"column":24},"end":{"line":6,"column":40}},"2":{"start":{"line":12,"column":8},"end":{"line":26,"column":11}},"3":{"start":{"line":14,"column":12},"end":{"line":24,"column":15}},"4":{"start":{"line":16,"column":16},"end":{"line":16,"column":44}},"5":{"start":{"line":16,"column":25},"end":{"line":16,"column":44}},"6":{"start":{"line":18,"column":29},"end":{"line":18,"column":50}},"7":{"start":{"line":19,"column":34},"end":{"line":19,"column":45}},"8":{"start":{"line":20,"column":33},"end":{"line":20,"column":82}},"9":{"start":{"line":22,"column":16},"end":{"line":22,"column":55}},"10":{"start":{"line":4,"column":0},"end":{"line":4,"column":21}}},"fnMap":{"0":{"name":"(anonymous_0)","decl":{"start":{"line":6,"column":4},"end":{"line":6,"column":24}},"loc":{"start":{"line":6,"column":40},"end":{"line":8,"column":5}}},"1":{"name":"(anonymous_1)","decl":{"start":{"line":10,"column":11},"end":{"line":10,"column":15}},"loc":{"start":{"line":10,"column":47},"end":{"line":28,"column":5}}},"2":{"name":"(anonymous_2)","decl":{"start":{"line":12,"column":27},"end":{"line":12,"column":28}},"loc":{"start":{"line":12,"column":47},"end":{"line":26,"column":9}}},"3":{"name":"(anonymous_3)","decl":{"start":{"line":14,"column":34},"end":{"line":14,"column":35}},"loc":{"start":{"line":14,"column":48},"end":{"line":24,"column":13}}}},"branchMap":{"0":{"loc":{"start":{"line":16,"column":16},"end":{"line":16,"column":44}},"type":"if","locations":[{"start":{"line":16,"column":16},"end":{"line":16,"column":44}},{"start":{"line":16,"column":16},"end":{"line":16,"column":44}}]},"1":{"loc":{"start":{"line":19,"column":34},"end":{"line":19,"column":39}},"type":"binary-expr","locations":[{"start":{"line":19,"column":34},"end":{"line":19,"column":39}},{"start":{"line":19,"column":43},"end":{"line":19,"column":45}}]}},"s":{"0":1,"1":1,"2":3,"3":3,"4":3,"5":1,"6":2,"7":2,"8":2,"9":2,"10":1},"f":{"0":1,"1":3,"2":3,"3":3},"b":{"0":[1,2],"1":[2,1]}}
,"C:\\Users\\jazadehd\\Documents\\Development\\bash-js\\src\\Commands\\History\\History.ts": {"path":"C:\\Users\\jazadehd\\Documents\\Development\\bash-js\\src\\Commands\\History\\History.ts","statementMap":{"0":{"start":{"line":5,"column":24},"end":{"line":5,"column":null}},"1":{"start":{"line":6,"column":24},"end":{"line":6,"column":null}},"2":{"start":{"line":13,"column":8},"end":{"line":37,"column":11}},"3":{"start":{"line":13,"column":46},"end":{"line":37,"column":10}},"4":{"start":{"line":15,"column":31},"end":{"line":15,"column":68}},"5":{"start":{"line":17,"column":12},"end":{"line":17,"column":41}},"6":{"start":{"line":19,"column":25},"end":{"line":19,"column":27}},"7":{"start":{"line":21,"column":12},"end":{"line":33,"column":null}},"8":{"start":{"line":23,"column":16},"end":{"line":27,"column":null}},"9":{"start":{"line":25,"column":20},"end":{"line":25,"column":59}},"10":{"start":{"line":31,"column":16},"end":{"line":31,"column":66}},"11":{"start":{"line":35,"column":12},"end":{"line":35,"column":60}},"12":{"start":{"line":3,"column":0},"end":{"line":3,"column":21}}},"fnMap":{"0":{"name":"(anonymous_7)","decl":{"start":{"line":5,"column":4},"end":{"line":5,"column":24}},"loc":{"start":{"line":6,"column":37},"end":{"line":9,"column":5}}},"1":{"name":"(anonymous_8)","decl":{"start":{"line":11,"column":11},"end":{"line":11,"column":15}},"loc":{"start":{"line":11,"column":15},"end":{"line":39,"column":5}}},"2":{"name":"(anonymous_9)","decl":{"start":{"line":13,"column":28},"end":{"line":13,"column":35}},"loc":{"start":{"line":13,"column":46},"end":{"line":37,"column":10}}},"3":{"name":"(anonymous_10)","decl":{"start":{"line":13,"column":46},"end":{"line":13,"column":null}},"loc":{"start":{"line":13,"column":46},"end":{"line":37,"column":9}}}},"branchMap":{"0":{"loc":{"start":{"line":21,"column":12},"end":{"line":33,"column":null}},"type":"if","locations":[{"start":{"line":21,"column":12},"end":{"line":33,"column":null}},{"start":{"line":21,"column":12},"end":{"line":33,"column":null}}]}},"s":{"0":1,"1":1,"2":3,"3":3,"4":3,"5":3,"6":3,"7":3,"8":1,"9":1,"10":2,"11":3,"12":1},"f":{"0":1,"1":3,"2":3,"3":3},"b":{"0":[1,2]}}
,"C:\\Users\\jazadehd\\Documents\\Development\\bash-js\\src\\Commands\\Ls\\Ls.ts": {"path":"C:\\Users\\jazadehd\\Documents\\Development\\bash-js\\src\\Commands\\Ls\\Ls.ts","statementMap":{"0":{"start":{"line":3,"column":0},"end":{"line":3,"column":25}},"1":{"start":{"line":7,"column":24},"end":{"line":7,"column":40}},"2":{"start":{"line":14,"column":8},"end":{"line":34,"column":11}},"3":{"start":{"line":16,"column":25},"end":{"line":16,"column":50}},"4":{"start":{"line":18,"column":12},"end":{"line":32,"column":15}},"5":{"start":{"line":20,"column":16},"end":{"line":20,"column":44}},"6":{"start":{"line":20,"column":25},"end":{"line":20,"column":44}},"7":{"start":{"line":22,"column":29},"end":{"line":22,"column":31}},"8":{"start":{"line":24,"column":16},"end":{"line":28,"column":19}},"9":{"start":{"line":26,"column":20},"end":{"line":26,"column":50}},"10":{"start":{"line":30,"column":16},"end":{"line":30,"column":51}},"11":{"start":{"line":5,"column":0},"end":{"line":5,"column":21}}},"fnMap":{"0":{"name":"(anonymous_0)","decl":{"start":{"line":7,"column":4},"end":{"line":7,"column":24}},"loc":{"start":{"line":7,"column":40},"end":{"line":10,"column":5}}},"1":{"name":"(anonymous_1)","decl":{"start":{"line":12,"column":11},"end":{"line":12,"column":15}},"loc":{"start":{"line":12,"column":33},"end":{"line":36,"column":5}}},"2":{"name":"(anonymous_2)","decl":{"start":{"line":14,"column":27},"end":{"line":14,"column":28}},"loc":{"start":{"line":14,"column":47},"end":{"line":34,"column":9}}},"3":{"name":"(anonymous_3)","decl":{"start":{"line":18,"column":29},"end":{"line":18,"column":30}},"loc":{"start":{"line":18,"column":44},"end":{"line":32,"column":13}}},"4":{"name":"(anonymous_4)","decl":{"start":{"line":24,"column":30},"end":{"line":24,"column":31}},"loc":{"start":{"line":24,"column":47},"end":{"line":28,"column":17}}}},"branchMap":{"0":{"loc":{"start":{"line":16,"column":25},"end":{"line":16,"column":33}},"type":"binary-expr","locations":[{"start":{"line":16,"column":25},"end":{"line":16,"column":33}},{"start":{"line":16,"column":37},"end":{"line":16,"column":50}}]},"1":{"loc":{"start":{"line":20,"column":16},"end":{"line":20,"column":44}},"type":"if","locations":[{"start":{"line":20,"column":16},"end":{"line":20,"column":44}},{"start":{"line":20,"column":16},"end":{"line":20,"column":44}}]}},"s":{"0":1,"1":1,"2":3,"3":3,"4":3,"5":3,"6":1,"7":2,"8":2,"9":15,"10":2,"11":1},"f":{"0":1,"1":3,"2":3,"3":3,"4":15},"b":{"0":[3,1],"1":[1,2]}}
,"C:\\Users\\jazadehd\\Documents\\Development\\bash-js\\src\\Commands\\Mkdir\\Mkdir.ts": {"path":"C:\\Users\\jazadehd\\Documents\\Development\\bash-js\\src\\Commands\\Mkdir\\Mkdir.ts","statementMap":{"0":{"start":{"line":2,"column":0},"end":{"line":2,"column":25}},"1":{"start":{"line":6,"column":24},"end":{"line":6,"column":40}},"2":{"start":{"line":13,"column":8},"end":{"line":23,"column":11}},"3":{"start":{"line":15,"column":12},"end":{"line":21,"column":15}},"4":{"start":{"line":17,"column":16},"end":{"line":17,"column":44}},"5":{"start":{"line":17,"column":25},"end":{"line":17,"column":44}},"6":{"start":{"line":19,"column":16},"end":{"line":19,"column":47}},"7":{"start":{"line":4,"column":0},"end":{"line":4,"column":21}}},"fnMap":{"0":{"name":"(anonymous_0)","decl":{"start":{"line":6,"column":4},"end":{"line":6,"column":24}},"loc":{"start":{"line":6,"column":40},"end":{"line":9,"column":5}}},"1":{"name":"(anonymous_1)","decl":{"start":{"line":11,"column":11},"end":{"line":11,"column":15}},"loc":{"start":{"line":11,"column":32},"end":{"line":25,"column":5}}},"2":{"name":"(anonymous_2)","decl":{"start":{"line":13,"column":27},"end":{"line":13,"column":28}},"loc":{"start":{"line":13,"column":47},"end":{"line":23,"column":9}}},"3":{"name":"(anonymous_3)","decl":{"start":{"line":15,"column":31},"end":{"line":15,"column":32}},"loc":{"start":{"line":15,"column":39},"end":{"line":21,"column":13}}}},"branchMap":{"0":{"loc":{"start":{"line":17,"column":16},"end":{"line":17,"column":44}},"type":"if","locations":[{"start":{"line":17,"column":16},"end":{"line":17,"column":44}},{"start":{"line":17,"column":16},"end":{"line":17,"column":44}}]}},"s":{"0":1,"1":1,"2":2,"3":2,"4":2,"5":1,"6":1,"7":1},"f":{"0":1,"1":2,"2":2,"3":2},"b":{"0":[1,1]}}
,"C:\\Users\\jazadehd\\Documents\\Development\\bash-js\\src\\Commands\\Pwd\\Pwd.ts": {"path":"C:\\Users\\jazadehd\\Documents\\Development\\bash-js\\src\\Commands\\Pwd\\Pwd.ts","statementMap":{"0":{"start":{"line":7,"column":24},"end":{"line":7,"column":40}},"1":{"start":{"line":14,"column":8},"end":{"line":18,"column":11}},"2":{"start":{"line":16,"column":12},"end":{"line":16,"column":54}},"3":{"start":{"line":5,"column":0},"end":{"line":5,"column":21}}},"fnMap":{"0":{"name":"(anonymous_0)","decl":{"start":{"line":7,"column":4},"end":{"line":7,"column":24}},"loc":{"start":{"line":7,"column":40},"end":{"line":10,"column":5}}},"1":{"name":"(anonymous_1)","decl":{"start":{"line":12,"column":11},"end":{"line":12,"column":15}},"loc":{"start":{"line":12,"column":15},"end":{"line":20,"column":5}}},"2":{"name":"(anonymous_2)","decl":{"start":{"line":14,"column":27},"end":{"line":14,"column":28}},"loc":{"start":{"line":14,"column":39},"end":{"line":18,"column":9}}}},"branchMap":{},"s":{"0":1,"1":1,"2":1,"3":1},"f":{"0":1,"1":1,"2":1},"b":{}}
,"C:\\Users\\jazadehd\\Documents\\Development\\bash-js\\src\\Commands\\Tail\\Tail.ts": {"path":"C:\\Users\\jazadehd\\Documents\\Development\\bash-js\\src\\Commands\\Tail\\Tail.ts","statementMap":{"0":{"start":{"line":2,"column":0},"end":{"line":2,"column":25}},"1":{"start":{"line":6,"column":24},"end":{"line":6,"column":40}},"2":{"start":{"line":13,"column":8},"end":{"line":27,"column":11}},"3":{"start":{"line":15,"column":12},"end":{"line":25,"column":15}},"4":{"start":{"line":17,"column":16},"end":{"line":17,"column":44}},"5":{"start":{"line":17,"column":25},"end":{"line":17,"column":44}},"6":{"start":{"line":19,"column":29},"end":{"line":19,"column":50}},"7":{"start":{"line":20,"column":34},"end":{"line":20,"column":45}},"8":{"start":{"line":21,"column":33},"end":{"line":21,"column":81}},"9":{"start":{"line":23,"column":16},"end":{"line":23,"column":55}},"10":{"start":{"line":4,"column":0},"end":{"line":4,"column":21}}},"fnMap":{"0":{"name":"(anonymous_0)","decl":{"start":{"line":6,"column":4},"end":{"line":6,"column":24}},"loc":{"start":{"line":6,"column":40},"end":{"line":9,"column":5}}},"1":{"name":"(anonymous_1)","decl":{"start":{"line":11,"column":11},"end":{"line":11,"column":15}},"loc":{"start":{"line":11,"column":47},"end":{"line":29,"column":5}}},"2":{"name":"(anonymous_2)","decl":{"start":{"line":13,"column":27},"end":{"line":13,"column":28}},"loc":{"start":{"line":13,"column":47},"end":{"line":27,"column":9}}},"3":{"name":"(anonymous_3)","decl":{"start":{"line":15,"column":34},"end":{"line":15,"column":35}},"loc":{"start":{"line":15,"column":48},"end":{"line":25,"column":13}}}},"branchMap":{"0":{"loc":{"start":{"line":17,"column":16},"end":{"line":17,"column":44}},"type":"if","locations":[{"start":{"line":17,"column":16},"end":{"line":17,"column":44}},{"start":{"line":17,"column":16},"end":{"line":17,"column":44}}]},"1":{"loc":{"start":{"line":20,"column":34},"end":{"line":20,"column":39}},"type":"binary-expr","locations":[{"start":{"line":20,"column":34},"end":{"line":20,"column":39}},{"start":{"line":20,"column":43},"end":{"line":20,"column":45}}]}},"s":{"0":1,"1":1,"2":3,"3":3,"4":3,"5":1,"6":2,"7":2,"8":2,"9":2,"10":1},"f":{"0":1,"1":3,"2":3,"3":3},"b":{"0":[1,2],"1":[2,1]}}
,"C:\\Users\\jazadehd\\Documents\\Development\\bash-js\\src\\HelperMethods\\HelperMethods.mock.ts": {"path":"C:\\Users\\jazadehd\\Documents\\Development\\bash-js\\src\\HelperMethods\\HelperMethods.mock.ts","statementMap":{"0":{"start":{"line":9,"column":8},"end":{"line":9,"column":25}},"1":{"start":{"line":15,"column":8},"end":{"line":18,"column":null}},"2":{"start":{"line":24,"column":6},"end":{"line":24,"column":20}},"3":{"start":{"line":30,"column":0},"end":{"line":30,"column":33}}},"fnMap":{"0":{"name":"(anonymous_0)","decl":{"start":{"line":5,"column":4},"end":{"line":5,"column":25}},"loc":{"start":{"line":5,"column":4},"end":{"line":5,"column":26}}},"1":{"name":"(anonymous_1)","decl":{"start":{"line":7,"column":11},"end":{"line":7,"column":17}},"loc":{"start":{"line":7,"column":35},"end":{"line":11,"column":5}}},"2":{"name":"(anonymous_2)","decl":{"start":{"line":13,"column":11},"end":{"line":13,"column":18}},"loc":{"start":{"line":13,"column":36},"end":{"line":20,"column":5}}},"3":{"name":"(anonymous_3)","decl":{"start":{"line":22,"column":11},"end":{"line":22,"column":15}},"loc":{"start":{"line":22,"column":27},"end":{"line":26,"column":5}}}},"branchMap":{},"s":{"0":0,"1":0,"2":13,"3":8},"f":{"0":8,"1":0,"2":0,"3":13},"b":{}}
,"C:\\Users\\jazadehd\\Documents\\Development\\bash-js\\src\\HelperMethods\\HelperMethods.ts": {"path":"C:\\Users\\jazadehd\\Documents\\Development\\bash-js\\src\\HelperMethods\\HelperMethods.ts","statementMap":{"0":{"start":{"line":15,"column":32},"end":{"line":15,"column":55}},"1":{"start":{"line":17,"column":8},"end":{"line":17,"column":66}},"2":{"start":{"line":23,"column":8},"end":{"line":23,"column":57}},"3":{"start":{"line":23,"column":47},"end":{"line":23,"column":57}},"4":{"start":{"line":25,"column":25},"end":{"line":25,"column":51}},"5":{"start":{"line":26,"column":25},"end":{"line":26,"column":85}},"6":{"start":{"line":27,"column":19},"end":{"line":27,"column":104}},"7":{"start":{"line":29,"column":8},"end":{"line":32,"column":null}},"8":{"start":{"line":38,"column":8},"end":{"line":38,"column":37}},"9":{"start":{"line":40,"column":8},"end":{"line":40,"column":44}},"10":{"start":{"line":46,"column":0},"end":{"line":46,"column":29}}},"fnMap":{"0":{"name":"(anonymous_0)","decl":{"start":{"line":11,"column":4},"end":{"line":11,"column":25}},"loc":{"start":{"line":11,"column":4},"end":{"line":11,"column":26}}},"1":{"name":"(anonymous_1)","decl":{"start":{"line":13,"column":11},"end":{"line":13,"column":17}},"loc":{"start":{"line":13,"column":35},"end":{"line":19,"column":5}}},"2":{"name":"(anonymous_2)","decl":{"start":{"line":21,"column":11},"end":{"line":21,"column":18}},"loc":{"start":{"line":21,"column":36},"end":{"line":34,"column":5}}},"3":{"name":"(anonymous_3)","decl":{"start":{"line":36,"column":11},"end":{"line":36,"column":15}},"loc":{"start":{"line":36,"column":30},"end":{"line":42,"column":5}}}},"branchMap":{"0":{"loc":{"start":{"line":23,"column":8},"end":{"line":23,"column":57}},"type":"if","locations":[{"start":{"line":23,"column":8},"end":{"line":23,"column":57}},{"start":{"line":23,"column":8},"end":{"line":23,"column":57}}]},"1":{"loc":{"start":{"line":26,"column":62},"end":{"line":26,"column":78}},"type":"cond-expr","locations":[{"start":{"line":26,"column":62},"end":{"line":26,"column":78}},{"start":{"line":26,"column":81},"end":{"line":26,"column":85}}]},"2":{"loc":{"start":{"line":27,"column":34},"end":{"line":27,"column":57}},"type":"cond-expr","locations":[{"start":{"line":27,"column":34},"end":{"line":27,"column":57}},{"start":{"line":27,"column":60},"end":{"line":27,"column":104}}]}},"s":{"0":1,"1":1,"2":3,"3":1,"4":2,"5":2,"6":2,"7":2,"8":1,"9":1,"10":1},"f":{"0":1,"1":1,"2":3,"3":1},"b":{"0":[1,2],"1":[1,1],"2":[1,1]}}
,"C:\\Users\\jazadehd\\Documents\\Development\\bash-js\\src\\HistorySource\\HistorySource.mock.ts": {"path":"C:\\Users\\jazadehd\\Documents\\Development\\bash-js\\src\\HistorySource\\HistorySource.mock.ts","statementMap":{"0":{"start":{"line":8,"column":8},"end":{"line":13,"column":9}},"1":{"start":{"line":20,"column":0},"end":{"line":20,"column":33}}},"fnMap":{"0":{"name":"(anonymous_7)","decl":{"start":{"line":3,"column":4},"end":{"line":3,"column":19}},"loc":{"start":{"line":3,"column":4},"end":{"line":3,"column":20}}},"1":{"name":"(anonymous_8)","decl":{"start":{"line":6,"column":17},"end":{"line":6,"column":27}},"loc":{"start":{"line":6,"column":27},"end":{"line":15,"column":null}}}},"branchMap":{},"s":{"0":0,"1":1},"f":{"0":1,"1":0},"b":{}}
,"C:\\Users\\jazadehd\\Documents\\Development\\bash-js\\src\\HistorySource\\HistorySource.ts": {"path":"C:\\Users\\jazadehd\\Documents\\Development\\bash-js\\src\\HistorySource\\HistorySource.ts","statementMap":{"0":{"start":{"line":1,"column":0},"end":{"line":1,"column":25}},"1":{"start":{"line":5,"column":24},"end":{"line":5,"column":40}},"2":{"start":{"line":7,"column":9},"end":{"line":7,"column":34}},"3":{"start":{"line":13,"column":33},"end":{"line":13,"column":52}},"4":{"start":{"line":15,"column":8},"end":{"line":23,"column":null}},"5":{"start":{"line":17,"column":33},"end":{"line":17,"column":60}},"6":{"start":{"line":18,"column":38},"end":{"line":18,"column":54}},"7":{"start":{"line":20,"column":12},"end":{"line":20,"column":81}},"8":{"start":{"line":21,"column":12},"end":{"line":21,"column":73}},"9":{"start":{"line":25,"column":8},"end":{"line":35,"column":null}},"10":{"start":{"line":27,"column":12},"end":{"line":27,"column":58}},"11":{"start":{"line":29,"column":12},"end":{"line":29,"column":50}},"12":{"start":{"line":33,"column":12},"end":{"line":33,"column":41}},"13":{"start":{"line":41,"column":8},"end":{"line":48,"column":null}},"14":{"start":{"line":43,"column":33},"end":{"line":43,"column":60}},"15":{"start":{"line":44,"column":46},"end":{"line":44,"column":62}},"16":{"start":{"line":46,"column":12},"end":{"line":46,"column":43}},"17":{"start":{"line":50,"column":8},"end":{"line":50,"column":25}},"18":{"start":{"line":56,"column":8},"end":{"line":68,"column":null}},"19":{"start":{"line":58,"column":33},"end":{"line":58,"column":60}},"20":{"start":{"line":59,"column":52},"end":{"line":59,"column":68}},"21":{"start":{"line":60,"column":49},"end":{"line":60,"column":85}},"22":{"start":{"line":62,"column":12},"end":{"line":62,"column":77}},"23":{"start":{"line":66,"column":12},"end":{"line":66,"column":21}},"24":{"start":{"line":75,"column":8},"end":{"line":85,"column":11}},"25":{"start":{"line":77,"column":12},"end":{"line":83,"column":15}},"26":{"start":{"line":77,"column":61},"end":{"line":83,"column":14}},"27":{"start":{"line":79,"column":16},"end":{"line":79,"column":47}},"28":{"start":{"line":79,"column":26},"end":{"line":79,"column":47}},"29":{"start":{"line":81,"column":16},"end":{"line":81,"column":41}},"30":{"start":{"line":92,"column":8},"end":{"line":102,"column":11}},"31":{"start":{"line":94,"column":12},"end":{"line":100,"column":15}},"32":{"start":{"line":96,"column":16},"end":{"line":96,"column":48}},"33":{"start":{"line":96,"column":27},"end":{"line":96,"column":48}},"34":{"start":{"line":98,"column":16},"end":{"line":98,"column":30}},"35":{"start":{"line":108,"column":0},"end":{"line":108,"column":29}}},"fnMap":{"0":{"name":"(anonymous_7)","decl":{"start":{"line":5,"column":4},"end":{"line":5,"column":24}},"loc":{"start":{"line":5,"column":40},"end":{"line":9,"column":5}}},"1":{"name":"(anonymous_8)","decl":{"start":{"line":11,"column":17},"end":{"line":11,"column":27}},"loc":{"start":{"line":11,"column":56},"end":{"line":37,"column":null}}},"2":{"name":"(anonymous_10)","decl":{"start":{"line":39,"column":17},"end":{"line":39,"column":27}},"loc":{"start":{"line":39,"column":27},"end":{"line":52,"column":null}}},"3":{"name":"(anonymous_12)","decl":{"start":{"line":54,"column":17},"end":{"line":54,"column":31}},"loc":{"start":{"line":54,"column":31},"end":{"line":70,"column":null}}},"4":{"name":"(anonymous_14)","decl":{"start":{"line":73,"column":12},"end":{"line":73,"column":26}},"loc":{"start":{"line":73,"column":26},"end":{"line":87,"column":5}}},"5":{"name":"(anonymous_15)","decl":{"start":{"line":75,"column":27},"end":{"line":75,"column":28}},"loc":{"start":{"line":75,"column":47},"end":{"line":85,"column":9}}},"6":{"name":"(anonymous_16)","decl":{"start":{"line":77,"column":39},"end":{"line":77,"column":46}},"loc":{"start":{"line":77,"column":61},"end":{"line":83,"column":14}}},"7":{"name":"(anonymous_17)","decl":{"start":{"line":77,"column":61},"end":{"line":77,"column":null}},"loc":{"start":{"line":77,"column":61},"end":{"line":83,"column":13}}},"8":{"name":"(anonymous_18)","decl":{"start":{"line":90,"column":12},"end":{"line":90,"column":26}},"loc":{"start":{"line":90,"column":38},"end":{"line":104,"column":5}}},"9":{"name":"(anonymous_19)","decl":{"start":{"line":92,"column":27},"end":{"line":92,"column":28}},"loc":{"start":{"line":92,"column":47},"end":{"line":102,"column":9}}},"10":{"name":"(anonymous_20)","decl":{"start":{"line":94,"column":45},"end":{"line":94,"column":46}},"loc":{"start":{"line":94,"column":55},"end":{"line":100,"column":13}}}},"branchMap":{"0":{"loc":{"start":{"line":15,"column":8},"end":{"line":23,"column":null}},"type":"if","locations":[{"start":{"line":15,"column":8},"end":{"line":23,"column":null}},{"start":{"line":15,"column":8},"end":{"line":23,"column":null}}]},"1":{"loc":{"start":{"line":41,"column":8},"end":{"line":48,"column":null}},"type":"if","locations":[{"start":{"line":41,"column":8},"end":{"line":48,"column":null}},{"start":{"line":41,"column":8},"end":{"line":48,"column":null}}]},"2":{"loc":{"start":{"line":79,"column":16},"end":{"line":79,"column":47}},"type":"if","locations":[{"start":{"line":79,"column":16},"end":{"line":79,"column":47}},{"start":{"line":79,"column":16},"end":{"line":79,"column":47}}]},"3":{"loc":{"start":{"line":96,"column":16},"end":{"line":96,"column":48}},"type":"if","locations":[{"start":{"line":96,"column":16},"end":{"line":96,"column":48}},{"start":{"line":96,"column":16},"end":{"line":96,"column":48}}]}},"s":{"0":1,"1":1,"2":1,"3":3,"4":3,"5":1,"6":1,"7":1,"8":1,"9":3,"10":3,"11":2,"12":1,"13":3,"14":2,"15":1,"16":1,"17":1,"18":2,"19":2,"20":2,"21":1,"22":1,"23":1,"24":5,"25":5,"26":5,"27":5,"28":1,"29":4,"30":3,"31":3,"32":3,"33":1,"34":2,"35":1},"f":{"0":1,"1":3,"2":3,"3":2,"4":5,"5":5,"6":5,"7":5,"8":3,"9":3,"10":3},"b":{"0":[1,2],"1":[2,1],"2":[1,4],"3":[1,2]}}
}
