{"C:\\Users\\jazadehd\\Documents\\Development\\bash-js\\src\\HelperMethods\\HelperMethods.ts": {"path":"C:\\Users\\jazadehd\\Documents\\Development\\bash-js\\src\\HelperMethods\\HelperMethods.ts","statementMap":{"0":{"start":{"line":7,"column":22},"end":{"line":7,"column":45}},"1":{"start":{"line":9,"column":8},"end":{"line":9,"column":40}},"2":{"start":{"line":15,"column":8},"end":{"line":15,"column":37}},"3":{"start":{"line":17,"column":8},"end":{"line":17,"column":44}},"4":{"start":{"line":23,"column":8},"end":{"line":23,"column":58}},"5":{"start":{"line":29,"column":0},"end":{"line":29,"column":29}}},"fnMap":{"0":{"name":"(anonymous_0)","decl":{"start":{"line":3,"column":4},"end":{"line":3,"column":25}},"loc":{"start":{"line":3,"column":4},"end":{"line":3,"column":26}}},"1":{"name":"(anonymous_1)","decl":{"start":{"line":5,"column":11},"end":{"line":5,"column":17}},"loc":{"start":{"line":5,"column":35},"end":{"line":11,"column":5}}},"2":{"name":"(anonymous_2)","decl":{"start":{"line":13,"column":11},"end":{"line":13,"column":15}},"loc":{"start":{"line":13,"column":27},"end":{"line":19,"column":5}}},"3":{"name":"(anonymous_3)","decl":{"start":{"line":21,"column":12},"end":{"line":21,"column":22}},"loc":{"start":{"line":21,"column":26},"end":{"line":25,"column":5}}}},"branchMap":{},"s":{"0":1,"1":1,"2":1,"3":1,"4":1,"5":1},"f":{"0":1,"1":1,"2":1,"3":1},"b":{}}
}
