TN:
SF:C:\Users\jazadehd\Documents\Development\bash-js\src\Cat\Cat.ts
FN:6,(anonymous_0)
FN:11,(anonymous_1)
FN:13,(anonymous_2)
FN:15,(anonymous_3)
FNF:4
FNH:4
FNDA:1,(anonymous_0)
FNDA:1,(anonymous_1)
FNDA:1,(anonymous_2)
FNDA:1,(anonymous_3)
DA:2,1
DA:4,1
DA:6,1
DA:13,1
DA:15,1
DA:17,1
DA:19,1
DA:21,1
LF:8
LH:8
BRDA:17,0,0,0
BRDA:17,0,1,1
BRF:2
BRH:1
end_of_record
TN:
SF:C:\Users\jazadehd\Documents\Development\bash-js\src\Echo\Echo.ts
FN:6,(anonymous_0)
FN:11,(anonymous_1)
FNF:2
FNH:2
FNDA:1,(anonymous_0)
FNDA:1,(anonymous_1)
DA:4,1
DA:6,1
DA:13,1
LF:3
LH:3
BRF:0
BRH:0
end_of_record
TN:
SF:C:\Users\jazadehd\Documents\Development\bash-js\src\HelperMethods\HelperMethods.mock.ts
FN:5,(anonymous_0)
FN:7,(anonymous_1)
FN:13,(anonymous_2)
FN:20,(anonymous_3)
FNF:4
FNH:2
FNDA:2,(anonymous_0)
FNDA:0,(anonymous_1)
FNDA:0,(anonymous_2)
FNDA:2,(anonymous_3)
DA:9,0
DA:15,0
DA:27,2
LF:3
LH:1
BRF:0
BRH:0
end_of_record
TN:
SF:C:\Users\jazadehd\Documents\Development\bash-js\src\HelperMethods\HelperMethods.ts
FN:11,(anonymous_0)
FN:13,(anonymous_1)
FN:21,(anonymous_2)
FN:27,(anonymous_3)
FNF:4
FNH:4
FNDA:1,(anonymous_0)
FNDA:1,(anonymous_1)
FNDA:1,(anonymous_2)
FNDA:1,(anonymous_3)
DA:15,1
DA:17,1
DA:23,1
DA:29,1
DA:31,1
DA:33,1
DA:39,1
LF:7
LH:7
BRF:0
BRH:0
end_of_record
