TN:
SF:C:\Users\jazadehd\Documents\Development\bash-js\src\Commands\Cat\Cat.ts
FN:6,(anonymous_0)
FN:11,(anonymous_1)
FN:13,(anonymous_2)
FN:15,(anonymous_3)
FNF:4
FNH:4
FNDA:1,(anonymous_0)
FNDA:2,(anonymous_1)
FNDA:2,(anonymous_2)
FNDA:2,(anonymous_3)
DA:2,1
DA:4,1
DA:6,1
DA:13,2
DA:15,2
DA:17,2
DA:19,1
LF:7
LH:7
BRDA:17,0,0,1
BRDA:17,0,1,1
BRF:2
BRH:2
end_of_record
TN:
SF:C:\Users\jazadehd\Documents\Development\bash-js\src\Commands\Echo\Echo.ts
FN:6,(anonymous_0)
FN:11,(anonymous_1)
FNF:2
FNH:2
FNDA:1,(anonymous_0)
FNDA:1,(anonymous_1)
DA:4,1
DA:6,1
DA:13,1
LF:3
LH:3
BRF:0
BRH:0
end_of_record
TN:
SF:C:\Users\jazadehd\Documents\Development\bash-js\src\Commands\Head\Head.ts
FN:6,(anonymous_0)
FN:10,(anonymous_1)
FN:12,(anonymous_2)
FN:14,(anonymous_3)
FNF:4
FNH:4
FNDA:1,(anonymous_0)
FNDA:3,(anonymous_1)
FNDA:3,(anonymous_2)
FNDA:3,(anonymous_3)
DA:2,1
DA:4,1
DA:6,1
DA:12,3
DA:14,3
DA:16,3
DA:18,2
DA:19,2
DA:20,2
DA:22,2
LF:10
LH:10
BRDA:16,0,0,1
BRDA:16,0,1,2
BRDA:19,1,0,2
BRDA:19,1,1,1
BRF:4
BRH:4
end_of_record
TN:
SF:C:\Users\jazadehd\Documents\Development\bash-js\src\Commands\History\History.ts
FN:5,(anonymous_7)
FN:11,(anonymous_8)
FN:13,(anonymous_9)
FN:13,(anonymous_10)
FNF:4
FNH:4
FNDA:1,(anonymous_7)
FNDA:3,(anonymous_8)
FNDA:3,(anonymous_9)
FNDA:3,(anonymous_10)
DA:3,1
DA:5,1
DA:6,1
DA:13,3
DA:15,3
DA:17,3
DA:19,3
DA:21,3
DA:23,1
DA:25,1
DA:31,2
DA:35,3
LF:12
LH:12
BRDA:21,0,0,1
BRDA:21,0,1,2
BRF:2
BRH:2
end_of_record
TN:
SF:C:\Users\jazadehd\Documents\Development\bash-js\src\Commands\Ls\Ls.ts
FN:7,(anonymous_0)
FN:12,(anonymous_1)
FN:14,(anonymous_2)
FN:18,(anonymous_3)
FN:24,(anonymous_4)
FNF:5
FNH:5
FNDA:1,(anonymous_0)
FNDA:3,(anonymous_1)
FNDA:3,(anonymous_2)
FNDA:3,(anonymous_3)
FNDA:15,(anonymous_4)
DA:3,1
DA:5,1
DA:7,1
DA:14,3
DA:16,3
DA:18,3
DA:20,3
DA:22,2
DA:24,2
DA:26,15
DA:30,2
LF:11
LH:11
BRDA:16,0,0,3
BRDA:16,0,1,1
BRDA:20,1,0,1
BRDA:20,1,1,2
BRF:4
BRH:4
end_of_record
TN:
SF:C:\Users\jazadehd\Documents\Development\bash-js\src\Commands\Mkdir\Mkdir.ts
FN:6,(anonymous_0)
FN:11,(anonymous_1)
FN:13,(anonymous_2)
FN:15,(anonymous_3)
FNF:4
FNH:4
FNDA:1,(anonymous_0)
FNDA:2,(anonymous_1)
FNDA:2,(anonymous_2)
FNDA:2,(anonymous_3)
DA:2,1
DA:4,1
DA:6,1
DA:13,2
DA:15,2
DA:17,2
DA:19,1
LF:7
LH:7
BRDA:17,0,0,1
BRDA:17,0,1,1
BRF:2
BRH:2
end_of_record
TN:
SF:C:\Users\jazadehd\Documents\Development\bash-js\src\Commands\Pwd\Pwd.ts
FN:7,(anonymous_0)
FN:12,(anonymous_1)
FN:14,(anonymous_2)
FNF:3
FNH:3
FNDA:1,(anonymous_0)
FNDA:1,(anonymous_1)
FNDA:1,(anonymous_2)
DA:5,1
DA:7,1
DA:14,1
DA:16,1
LF:4
LH:4
BRF:0
BRH:0
end_of_record
TN:
SF:C:\Users\jazadehd\Documents\Development\bash-js\src\Commands\Tail\Tail.ts
FN:6,(anonymous_0)
FN:11,(anonymous_1)
FN:13,(anonymous_2)
FN:15,(anonymous_3)
FNF:4
FNH:4
FNDA:1,(anonymous_0)
FNDA:3,(anonymous_1)
FNDA:3,(anonymous_2)
FNDA:3,(anonymous_3)
DA:2,1
DA:4,1
DA:6,1
DA:13,3
DA:15,3
DA:17,3
DA:19,2
DA:20,2
DA:21,2
DA:23,2
LF:10
LH:10
BRDA:17,0,0,1
BRDA:17,0,1,2
BRDA:20,1,0,2
BRDA:20,1,1,1
BRF:4
BRH:4
end_of_record
TN:
SF:C:\Users\jazadehd\Documents\Development\bash-js\src\HelperMethods\HelperMethods.mock.ts
FN:5,(anonymous_0)
FN:7,(anonymous_1)
FN:13,(anonymous_2)
FN:22,(anonymous_3)
FNF:4
FNH:2
FNDA:8,(anonymous_0)
FNDA:0,(anonymous_1)
FNDA:0,(anonymous_2)
FNDA:13,(anonymous_3)
DA:9,0
DA:15,0
DA:24,13
DA:30,8
LF:4
LH:2
BRF:0
BRH:0
end_of_record
TN:
SF:C:\Users\jazadehd\Documents\Development\bash-js\src\HelperMethods\HelperMethods.ts
FN:11,(anonymous_0)
FN:13,(anonymous_1)
FN:21,(anonymous_2)
FN:36,(anonymous_3)
FNF:4
FNH:4
FNDA:1,(anonymous_0)
FNDA:1,(anonymous_1)
FNDA:3,(anonymous_2)
FNDA:1,(anonymous_3)
DA:15,1
DA:17,1
DA:23,3
DA:25,2
DA:26,2
DA:27,2
DA:29,2
DA:38,1
DA:40,1
DA:46,1
LF:10
LH:10
BRDA:23,0,0,1
BRDA:23,0,1,2
BRDA:26,1,0,1
BRDA:26,1,1,1
BRDA:27,2,0,1
BRDA:27,2,1,1
BRF:6
BRH:6
end_of_record
TN:
SF:C:\Users\jazadehd\Documents\Development\bash-js\src\HistorySource\HistorySource.mock.ts
FN:3,(anonymous_7)
FN:6,(anonymous_8)
FNF:2
FNH:1
FNDA:1,(anonymous_7)
FNDA:0,(anonymous_8)
DA:8,0
DA:20,1
LF:2
LH:1
BRF:0
BRH:0
end_of_record
TN:
SF:C:\Users\jazadehd\Documents\Development\bash-js\src\HistorySource\HistorySource.ts
FN:5,(anonymous_7)
FN:11,(anonymous_8)
FN:39,(anonymous_10)
FN:54,(anonymous_12)
FN:73,(anonymous_14)
FN:75,(anonymous_15)
FN:77,(anonymous_16)
FN:77,(anonymous_17)
FN:90,(anonymous_18)
FN:92,(anonymous_19)
FN:94,(anonymous_20)
FNF:11
FNH:11
FNDA:1,(anonymous_7)
FNDA:3,(anonymous_8)
FNDA:3,(anonymous_10)
FNDA:2,(anonymous_12)
FNDA:5,(anonymous_14)
FNDA:5,(anonymous_15)
FNDA:5,(anonymous_16)
FNDA:5,(anonymous_17)
FNDA:3,(anonymous_18)
FNDA:3,(anonymous_19)
FNDA:3,(anonymous_20)
DA:1,1
DA:5,1
DA:7,1
DA:13,3
DA:15,3
DA:17,1
DA:18,1
DA:20,1
DA:21,1
DA:25,3
DA:27,3
DA:29,2
DA:33,1
DA:41,3
DA:43,2
DA:44,1
DA:46,1
DA:50,1
DA:56,2
DA:58,2
DA:59,2
DA:60,1
DA:62,1
DA:66,1
DA:75,5
DA:77,5
DA:79,5
DA:81,4
DA:92,3
DA:94,3
DA:96,3
DA:98,2
DA:108,1
LF:33
LH:33
BRDA:15,0,0,1
BRDA:15,0,1,2
BRDA:41,1,0,2
BRDA:41,1,1,1
BRDA:79,2,0,1
BRDA:79,2,1,4
BRDA:96,3,0,1
BRDA:96,3,1,2
BRF:8
BRH:8
end_of_record
